2024-11-12 15:12:51.564 [info] [main] Log level: Info
2024-11-12 15:12:51.564 [info] [main] Validating found git in: "git"
2024-11-12 15:12:51.564 [info] [main] Using git "2.47.0" from "git"
2024-11-12 15:12:51.564 [info] [Model][doInitialScan] Initial repository scan started
2024-11-12 15:12:51.564 [info] > git rev-parse --show-toplevel [7ms]
2024-11-12 15:12:51.564 [info] > git rev-parse --git-dir --git-common-dir [1ms]
2024-11-12 15:12:51.564 [info] [Model][openRepository] Opened repository: /home/yogeself/HOME/Projects/Current/Tauri/focus-desktop
2024-11-12 15:12:51.580 [info] > git rev-parse --show-toplevel [8ms]
2024-11-12 15:12:51.580 [info] > git config --get commit.template [13ms]
2024-11-12 15:12:51.614 [info] > git rev-parse --show-toplevel [14ms]
2024-11-12 15:12:51.618 [info] > git for-each-ref --format=%(refname)%00%(upstream:short)%00%(objectname)%00%(upstream:track)%00%(upstream:remotename)%00%(upstream:remoteref) refs/heads/master refs/remotes/master [5ms]
2024-11-12 15:12:51.628 [info] > git status -z -uall [7ms]
2024-11-12 15:12:51.628 [info] > git rev-parse --show-toplevel [10ms]
2024-11-12 15:12:51.629 [info] [Model][doInitialScan] Initial repository scan completed - repositories (1), closed repositories (0), parent repositories (0), unsafe repositories (0)
2024-11-12 15:12:51.629 [info] > git for-each-ref --sort -committerdate --format %(refname) %(objectname) %(*objectname) [2ms]
2024-11-12 15:12:51.649 [info] > git for-each-ref --format=%(refname)%00%(upstream:short)%00%(objectname)%00%(upstream:track)%00%(upstream:remotename)%00%(upstream:remoteref) refs/heads/master refs/remotes/master [14ms]
2024-11-12 15:12:51.656 [info] > git config --local branch.master.vscode-merge-base [3ms]
2024-11-12 15:12:51.656 [warning] [Git][config] git config failed: Failed to execute git
2024-11-12 15:12:51.660 [info] > git config --get commit.template [11ms]
2024-11-12 15:12:51.690 [info] > git reflog master --grep-reflog=branch: Created from *. [30ms]
2024-11-12 15:12:51.696 [info] > git symbolic-ref --short refs/remotes/origin/HEAD [3ms]
2024-11-12 15:12:51.696 [info] fatal: ref refs/remotes/origin/HEAD is not a symbolic ref
2024-11-12 15:12:51.696 [warning] [Repository][getDefaultBranch] Failed to get default branch details: Failed to execute git.
2024-11-12 15:12:51.697 [info] > git for-each-ref --format=%(refname)%00%(upstream:short)%00%(objectname)%00%(upstream:track)%00%(upstream:remotename)%00%(upstream:remoteref) refs/heads/master refs/remotes/master [7ms]
2024-11-12 15:12:51.704 [info] > git status -z -uall [3ms]
2024-11-12 15:12:51.705 [info] > git for-each-ref --sort -committerdate --format %(refname) %(objectname) %(*objectname) [2ms]
2024-11-12 15:12:52.051 [info] > git check-ignore -v -z --stdin [3ms]
2024-11-12 15:13:25.586 [info] > git config --get commit.template [1ms]
2024-11-12 15:13:25.592 [info] > git for-each-ref --format=%(refname)%00%(upstream:short)%00%(objectname)%00%(upstream:track)%00%(upstream:remotename)%00%(upstream:remoteref) refs/heads/master refs/remotes/master [1ms]
2024-11-12 15:13:25.604 [info] > git status -z -uall [8ms]
2024-11-12 15:13:25.605 [info] > git for-each-ref --sort -committerdate --format %(refname) %(objectname) %(*objectname) [3ms]
2024-11-12 15:13:31.325 [info] > git config --get commit.template [1ms]
2024-11-12 15:13:31.331 [info] > git for-each-ref --format=%(refname)%00%(upstream:short)%00%(objectname)%00%(upstream:track)%00%(upstream:remotename)%00%(upstream:remoteref) refs/heads/master refs/remotes/master [1ms]
2024-11-12 15:13:31.341 [info] > git status -z -uall [5ms]
2024-11-12 15:13:31.342 [info] > git for-each-ref --sort -committerdate --format %(refname) %(objectname) %(*objectname) [1ms]
