2024-11-07T13:00:01.793Z P:28170 T:28170] SyncServiceImpl::ResetEngine,Reset engine with reason: 8
2024-11-07T13:00:01.793Z P:28170 T:28170] ModelLoadManager::Stop,Stopped: Bookmarks
2024-11-07T13:00:01.793Z P:28170 T:28170] ModelLoadManager::Stop,Stopped: Preferences
2024-11-07T13:00:01.793Z P:28170 T:28170] ModelLoadManager::Stop,Stopped: Passwords
2024-11-07T13:00:01.793Z P:28170 T:28170] ModelLoadManager::Stop,Stopped: Autofill Profiles
2024-11-07T13:00:01.793Z P:28170 T:28170] ModelLoadManager::Stop,Stopped: Autofill
2024-11-07T13:00:01.793Z P:28170 T:28170] ModelLoadManager::Stop,Stopped: Typed URLs
2024-11-07T13:00:01.793Z P:28170 T:28170] ModelLoadManager::Stop,Stopped: Extensions
2024-11-07T13:00:01.793Z P:28170 T:28170] ModelLoadManager::Stop,Stopped: Sessions
2024-11-07T13:00:01.793Z P:28170 T:28170] ModelLoadManager::Stop,Stopped: Extension settings
2024-11-07T13:00:01.793Z P:28170 T:28170] ModelLoadManager::Stop,Stopped: History Delete Directives
2024-11-07T13:00:01.793Z P:28170 T:28170] ModelLoadManager::Stop,Stopped: Device Info
2024-11-07T13:00:01.793Z P:28170 T:28170] ModelLoadManager::Stop,Stopped: User Consents
2024-11-07T13:00:01.793Z P:28170 T:28170] ModelLoadManager::Stop,Stopped: Send Tab To Self
2024-11-07T13:00:01.793Z P:28170 T:28170] ModelLoadManager::Stop,Stopped: Web Apps
2024-11-07T13:00:01.793Z P:28170 T:28170] ModelLoadManager::Stop,Stopped: History
2024-11-07T13:00:01.793Z P:28170 T:28170] ModelLoadManager::Stop,Stopped: Collection
2024-11-07T13:00:01.793Z P:28170 T:28170] ModelLoadManager::Stop,Stopped: Edge E Drop
2024-11-07T13:00:01.793Z P:28170 T:28170] ModelLoadManager::Stop,Stopped: Edge Hub App Usage
2024-11-07T13:00:01.793Z P:28170 T:28170] ModelLoadManager::Stop,Stopped: Edge Tab Group
2024-11-07T13:00:01.793Z P:28170 T:28170] ModelLoadManager::Stop,Stopped: Edge Wallet
2024-11-07T13:00:01.793Z P:28170 T:28170] SyncServiceImpl::Initialize,SyncState after authenticated was: NotSignedIn
2024-11-07T13:00:01.865Z P:28170 T:28170] SyncServiceImpl::ResetEngine,Reset engine with reason: 8
2024-11-07T13:00:01.865Z P:28170 T:28170] ModelLoadManager::Stop,Stopped: Bookmarks
2024-11-07T13:00:01.865Z P:28170 T:28170] ModelLoadManager::Stop,Stopped: Preferences
2024-11-07T13:00:01.865Z P:28170 T:28170] ModelLoadManager::Stop,Stopped: Passwords
2024-11-07T13:00:01.865Z P:28170 T:28170] ModelLoadManager::Stop,Stopped: Autofill Profiles
2024-11-07T13:00:01.865Z P:28170 T:28170] ModelLoadManager::Stop,Stopped: Autofill
2024-11-07T13:00:01.865Z P:28170 T:28170] ModelLoadManager::Stop,Stopped: Typed URLs
2024-11-07T13:00:01.865Z P:28170 T:28170] ModelLoadManager::Stop,Stopped: Extensions
2024-11-07T13:00:01.865Z P:28170 T:28170] ModelLoadManager::Stop,Stopped: Sessions
2024-11-07T13:00:01.865Z P:28170 T:28170] ModelLoadManager::Stop,Stopped: Extension settings
2024-11-07T13:00:01.865Z P:28170 T:28170] ModelLoadManager::Stop,Stopped: History Delete Directives
2024-11-07T13:00:01.865Z P:28170 T:28170] ModelLoadManager::Stop,Stopped: Device Info
2024-11-07T13:00:01.865Z P:28170 T:28170] ModelLoadManager::Stop,Stopped: User Consents
2024-11-07T13:00:01.865Z P:28170 T:28170] ModelLoadManager::Stop,Stopped: Send Tab To Self
2024-11-07T13:00:01.865Z P:28170 T:28170] ModelLoadManager::Stop,Stopped: Web Apps
2024-11-07T13:00:01.865Z P:28170 T:28170] ModelLoadManager::Stop,Stopped: History
2024-11-07T13:00:01.865Z P:28170 T:28170] ModelLoadManager::Stop,Stopped: Collection
2024-11-07T13:00:01.865Z P:28170 T:28170] ModelLoadManager::Stop,Stopped: Edge E Drop
2024-11-07T13:00:01.865Z P:28170 T:28170] ModelLoadManager::Stop,Stopped: Edge Hub App Usage
2024-11-07T13:00:01.865Z P:28170 T:28170] ModelLoadManager::Stop,Stopped: Edge Tab Group
2024-11-07T13:00:01.865Z P:28170 T:28170] ModelLoadManager::Stop,Stopped: Edge Wallet
2024-11-07T13:06:54.722Z P:28170 T:28170] SyncServiceImpl::ResetEngine,Reset engine with reason: 0
2024-11-07T13:06:59.361Z P:29392 T:29392] SyncServiceImpl::ResetEngine,Reset engine with reason: 8
2024-11-07T13:06:59.361Z P:29392 T:29392] ModelLoadManager::Stop,Stopped: Bookmarks
2024-11-07T13:06:59.361Z P:29392 T:29392] ModelLoadManager::Stop,Stopped: Preferences
2024-11-07T13:06:59.361Z P:29392 T:29392] ModelLoadManager::Stop,Stopped: Passwords
2024-11-07T13:06:59.361Z P:29392 T:29392] ModelLoadManager::Stop,Stopped: Autofill Profiles
2024-11-07T13:06:59.361Z P:29392 T:29392] ModelLoadManager::Stop,Stopped: Autofill
2024-11-07T13:06:59.361Z P:29392 T:29392] ModelLoadManager::Stop,Stopped: Typed URLs
2024-11-07T13:06:59.361Z P:29392 T:29392] ModelLoadManager::Stop,Stopped: Extensions
2024-11-07T13:06:59.361Z P:29392 T:29392] ModelLoadManager::Stop,Stopped: Sessions
2024-11-07T13:06:59.361Z P:29392 T:29392] ModelLoadManager::Stop,Stopped: Extension settings
2024-11-07T13:06:59.361Z P:29392 T:29392] ModelLoadManager::Stop,Stopped: History Delete Directives
2024-11-07T13:06:59.361Z P:29392 T:29392] ModelLoadManager::Stop,Stopped: Device Info
2024-11-07T13:06:59.361Z P:29392 T:29392] ModelLoadManager::Stop,Stopped: User Consents
2024-11-07T13:06:59.361Z P:29392 T:29392] ModelLoadManager::Stop,Stopped: Send Tab To Self
2024-11-07T13:06:59.361Z P:29392 T:29392] ModelLoadManager::Stop,Stopped: Web Apps
2024-11-07T13:06:59.361Z P:29392 T:29392] ModelLoadManager::Stop,Stopped: History
2024-11-07T13:06:59.361Z P:29392 T:29392] ModelLoadManager::Stop,Stopped: Collection
2024-11-07T13:06:59.361Z P:29392 T:29392] ModelLoadManager::Stop,Stopped: Edge E Drop
2024-11-07T13:06:59.361Z P:29392 T:29392] ModelLoadManager::Stop,Stopped: Edge Hub App Usage
2024-11-07T13:06:59.361Z P:29392 T:29392] ModelLoadManager::Stop,Stopped: Edge Tab Group
2024-11-07T13:06:59.361Z P:29392 T:29392] ModelLoadManager::Stop,Stopped: Edge Wallet
2024-11-07T13:06:59.361Z P:29392 T:29392] SyncServiceImpl::Initialize,SyncState after authenticated was: NotSignedIn
2024-11-07T13:06:59.456Z P:29392 T:29392] SyncServiceImpl::ResetEngine,Reset engine with reason: 8
2024-11-07T13:06:59.456Z P:29392 T:29392] ModelLoadManager::Stop,Stopped: Bookmarks
2024-11-07T13:06:59.456Z P:29392 T:29392] ModelLoadManager::Stop,Stopped: Preferences
2024-11-07T13:06:59.456Z P:29392 T:29392] ModelLoadManager::Stop,Stopped: Passwords
2024-11-07T13:06:59.456Z P:29392 T:29392] ModelLoadManager::Stop,Stopped: Autofill Profiles
2024-11-07T13:06:59.456Z P:29392 T:29392] ModelLoadManager::Stop,Stopped: Autofill
2024-11-07T13:06:59.457Z P:29392 T:29392] ModelLoadManager::Stop,Stopped: Typed URLs
2024-11-07T13:06:59.457Z P:29392 T:29392] ModelLoadManager::Stop,Stopped: Extensions
2024-11-07T13:06:59.457Z P:29392 T:29392] ModelLoadManager::Stop,Stopped: Sessions
2024-11-07T13:06:59.457Z P:29392 T:29392] ModelLoadManager::Stop,Stopped: Extension settings
2024-11-07T13:06:59.457Z P:29392 T:29392] ModelLoadManager::Stop,Stopped: History Delete Directives
2024-11-07T13:06:59.457Z P:29392 T:29392] ModelLoadManager::Stop,Stopped: Device Info
2024-11-07T13:06:59.457Z P:29392 T:29392] ModelLoadManager::Stop,Stopped: User Consents
2024-11-07T13:06:59.457Z P:29392 T:29392] ModelLoadManager::Stop,Stopped: Send Tab To Self
2024-11-07T13:06:59.457Z P:29392 T:29392] ModelLoadManager::Stop,Stopped: Web Apps
2024-11-07T13:06:59.457Z P:29392 T:29392] ModelLoadManager::Stop,Stopped: History
2024-11-07T13:06:59.457Z P:29392 T:29392] ModelLoadManager::Stop,Stopped: Collection
2024-11-07T13:06:59.457Z P:29392 T:29392] ModelLoadManager::Stop,Stopped: Edge E Drop
2024-11-07T13:06:59.457Z P:29392 T:29392] ModelLoadManager::Stop,Stopped: Edge Hub App Usage
2024-11-07T13:06:59.457Z P:29392 T:29392] ModelLoadManager::Stop,Stopped: Edge Tab Group
2024-11-07T13:06:59.457Z P:29392 T:29392] ModelLoadManager::Stop,Stopped: Edge Wallet
2024-11-07T14:22:12.609Z P:29392 T:29392] SyncServiceImpl::ResetEngine,Reset engine with reason: 0
